<?xml version="1.0" encoding="UTF-8"?>
<!-- Generated by org.testng.reporters.JUnitReportReporter -->
<testsuite hostname="Singleclic" failures="0" tests="1" name="tests.SearchProductUsingAutoSuggestTest" time="2.117" errors="0" timestamp="2023-09-05T20:51:52 EEST" skipped="0">
  <testcase classname="tests.SearchProductUsingAutoSuggestTest" name="UserCanSearchWithAutoSuggest" time="2.117"/>
</testsuite> <!-- tests.SearchProductUsingAutoSuggestTest -->
